#
# A fatal error has been detected by the Java Runtime Environment:
#
#  EXCEPTION_STACK_OVERFLOW (0xc00000fd) at pc=0x000001b2f043c8a0, pid=23512, tid=20188
#
# JRE version: Java(TM) SE Runtime Environment (14.0.1+7) (build 14.0.1+7)
# Java VM: Java HotSpot(TM) 64-Bit Server VM (14.0.1+7, mixed mode, sharing, tiered, compressed oops, g1 gc, windows-amd64)
# Problematic frame:
# J 1320 c1 java.lang.Integer.numberOfLeadingZeros(I)I java.base@14.0.1 (79 bytes) @ 0x000001b2f043c8a0 [0x000001b2f043c8a0+0x0000000000000000]
#
# No core dump will be written. Minidumps are not enabled by default on client versions of Windows
#
# If you would like to submit a bug report, please visit:
#   https://bugreport.java.com/bugreport/crash.jsp
#

---------------  S U M M A R Y ------------

Command Line: -XX:TieredStopAtLevel=1 -Xverify:none -Dspring.output.ansi.enabled=always -Dcom.sun.management.jmxremote -Dspring.jmx.enabled=true -Dspring.liveBeansView.mbeanDomain -Dspring.application.admin.enabled=true -javaagent:C:\Program Files\JetBrains\IntelliJ IDEA 2018.3.5\lib\idea_rt.jar=58077:C:\Program Files\JetBrains\IntelliJ IDEA 2018.3.5\bin -Dfile.encoding=UTF-8 pl.project.ExchangeTradingApplication

Host: Intel(R) Core(TM) i5-7300HQ CPU @ 2.50GHz, 4 cores, 15G,  Windows 10 , 64 bit Build 18362 (10.0.18362.1110)
Time: Thu Jan 14 01:11:00 2021 Central European Standard Time elapsed time: 1 seconds (0d 0h 0m 1s)

---------------  T H R E A D  ---------------

Current thread (0x000001b28b915000):  JavaThread "Logging-Cleaner" [_thread_in_Java, id=20188, stack(0x000000af11200000,0x000000af11300000)]

Stack: [0x000000af11200000,0x000000af11300000],  sp=0x000000af112fefe8,  free space=1019k
Native frames: (J=compiled Java code, j=interpreted, Vv=VM code, C=native code)
C  0x000001b2f043c8a0


siginfo: EXCEPTION_STACK_OVERFLOW (0xc00000fd), ExceptionInformation=0x0000000000000001 0x000000af112f7fe8 


Register to memory mapping:

RIP=0x000001b2f043c8a0 is at entry_point+0 in (nmethod*)0x000001b2f043c710
RAX={method} {0x00000008002eb170} 'numberOfLeadingZeros' '(I)I' in 'java/lang/Integer'
RBX={method} {0x00000008002eb170} 'numberOfLeadingZeros' '(I)I' in 'java/lang/Integer'
RCX=0x000000080032e800 is pointing into metadata
RDX=0x000000000000000a is an unknown value
RSP=0x000000af112fefe8 is pointing into the stack for thread: 0x000001b28b915000
RBP=0x000000af112ff058 is pointing into the stack for thread: 0x000001b28b915000
RSI=0x0 is NULL
RDI=0x0000000701e36768 is pointing into object: java.util.concurrent.locks.ReentrantLock$NonfairSync 
{0x0000000701e36758} - klass: 'java/util/concurrent/locks/ReentrantLock$NonfairSync'
R8 =0x0000000000000038 is an unknown value
R9 =0x000001b28b915000 is a thread
R10=0x00007ff88f32d190 jvm.dll
R11=0x000001b2f043c8a0 is at entry_point+0 in (nmethod*)0x000001b2f043c710
R12=0x0 is NULL
R13=0x000000af112ff000 is pointing into the stack for thread: 0x000001b28b915000
R14=0x000000af112ff070 is pointing into the stack for thread: 0x000001b28b915000
R15=0x000001b28b915000 is a thread


Registers:
RAX=0x00000008002eb168, RBX=0x00000008002eb168, RCX=0x000000080032e800, RDX=0x000000000000000a
RSP=0x000000af112fefe8, RBP=0x000000af112ff058, RSI=0x0000000000000000, RDI=0x0000000701e36768
R8 =0x0000000000000038, R9 =0x000001b28b915000, R10=0x00007ff88f32d190, R11=0x000001b2f043c8a0
R12=0x0000000000000000, R13=0x000000af112ff000, R14=0x000000af112ff070, R15=0x000001b28b915000
RIP=0x000001b2f043c8a0, EFLAGS=0x0000000000010206

Top of Stack: (sp=0x000000af112fefe8)
0x000000af112fefe8:   000001b2efbb9bc0 0000000000000000
0x000000af112feff8:   000001b2efbb9bc0 000000000000000a
0x000000af112ff008:   00000000ffffffff 000000af112ff010
0x000000af112ff018:   00000008009fa0e4 000000af112ff070
0x000000af112ff028:   000000080032e800 0000000000000000
0x000000af112ff038:   000000070212d838 0000000800331cc0
0x000000af112ff048:   000000af112ff000 000000af112ff070
0x000000af112ff058:   000000af112ff0c0 000001b2efbb9bc0
0x000000af112ff068:   0000000000000000 000000000000000b
0x000000af112ff078:   000000af112ff078 00000008009f97f5
0x000000af112ff088:   000000af112ff100 000000080032e800
0x000000af112ff098:   0000000000000000 000000070212d838
0x000000af112ff0a8:   0000000800331b08 000000af112ff070
0x000000af112ff0b8:   000000af112ff0e8 000000af112ff150
0x000000af112ff0c8:   000001b2efbba1b3 0000000000000000
0x000000af112ff0d8:   000000000000000b 0000000000000000 

Instructions: (pc=0x000001b2f043c8a0)
0x000001b2f043c7a0:   00 00 00 00 00 00 00 00 c0 c9 43 f0 b2 01 00 00
0x000001b2f043c7b0:   c0 c9 43 f0 b2 01 00 00 c0 c9 43 f0 b2 01 00 00
0x000001b2f043c7c0:   c0 c9 43 f0 b2 01 00 00 00 00 00 00 00 00 00 00
0x000001b2f043c7d0:   00 00 00 00 00 00 00 00 ff ff ff ff 00 00 00 00
0x000001b2f043c7e0:   00 00 00 00 00 00 00 00 00 00 00 00 00 00 00 00
0x000001b2f043c7f0:   a0 c8 43 f0 b2 01 00 00 a0 c8 43 f0 b2 01 00 00
0x000001b2f043c800:   a0 c8 43 f0 b2 01 00 00 70 02 00 00 2d 02 00 00
0x000001b2f043c810:   90 01 00 00 70 02 00 00 a8 02 00 00 a8 02 00 00
0x000001b2f043c820:   00 00 00 00 b0 02 00 00 d0 02 00 00 d8 02 00 00
0x000001b2f043c830:   d8 02 00 00 d8 02 00 00 d8 02 00 00 d8 02 00 00
0x000001b2f043c840:   20 00 00 00 28 05 00 00 01 00 00 00 00 00 00 00
0x000001b2f043c850:   02 00 00 00 00 00 00 00 00 00 00 00 e0 01 00 00
0x000001b2f043c860:   02 00 00 00 ff ff ff ff ff ff ff ff 00 00 00 00
0x000001b2f043c870:   74 b0 23 b0 34 64 15 00 00 64 03 f8 0e 8f 98 59
0x000001b2f043c880:   f8 7f 05 70 0e 60 01 f8 7e ff 0e 90 0c 64 00 00
0x000001b2f043c890:   00 00 00 00 00 00 00 00 00 00 00 00 00 00 00 00
0x000001b2f043c8a0:   89 84 24 00 90 ff ff 55 48 83 ec 30 83 fa 00 0f
0x000001b2f043c8b0:   8e 63 00 00 00 81 fa 00 00 01 00 0f 8d 0a 00 00
0x000001b2f043c8c0:   00 b8 1f 00 00 00 e9 08 00 00 00 c1 ea 10 b8 0f
0x000001b2f043c8d0:   00 00 00 81 fa 00 01 00 00 0f 8c 06 00 00 00 83
0x000001b2f043c8e0:   e8 08 c1 ea 08 83 fa 10 0f 8c 06 00 00 00 83 e8
0x000001b2f043c8f0:   04 c1 ea 04 83 fa 04 0f 8c 06 00 00 00 83 e8 02
0x000001b2f043c900:   c1 ea 02 c1 ea 01 2b c2 48 83 c4 30 5d 4d 8b 97
0x000001b2f043c910:   10 01 00 00 41 85 02 c3 83 fa 00 b8 00 00 00 00
0x000001b2f043c920:   0f 85 05 00 00 00 b8 20 00 00 00 48 83 c4 30 5d
0x000001b2f043c930:   4d 8b 97 10 01 00 00 41 85 02 c3 90 90 49 8b 87
0x000001b2f043c940:   e8 03 00 00 49 ba 00 00 00 00 00 00 00 00 4d 89
0x000001b2f043c950:   97 e8 03 00 00 49 ba 00 00 00 00 00 00 00 00 4d
0x000001b2f043c960:   89 97 f0 03 00 00 48 83 c4 30 5d e9 90 a4 86 ff
0x000001b2f043c970:   f4 f4 f4 f4 f4 f4 f4 f4 f4 f4 f4 f4 f4 f4 f4 f4
0x000001b2f043c980:   e8 7b d1 86 ff 48 b9 98 59 0e 8f f8 7f 00 00 48
0x000001b2f043c990:   83 e4 f0 49 ba a0 5e df 8e f8 7f 00 00 41 ff d2 


Stack slot to memory mapping:
stack at sp + 0 slots: 0x000001b2efbb9bc0 is at code_begin+832 in an Interpreter codelet
invoke return entry points  [0x000001b2efbb9880, 0x000001b2efbba2a0]  2592 bytes
stack at sp + 1 slots: 0x0 is NULL
stack at sp + 2 slots: 0x000001b2efbb9bc0 is at code_begin+832 in an Interpreter codelet
invoke return entry points  [0x000001b2efbb9880, 0x000001b2efbba2a0]  2592 bytes
stack at sp + 3 slots: 0x000000000000000a is an unknown value
stack at sp + 4 slots: 0x00000000ffffffff is an unknown value
stack at sp + 5 slots: 0x000000af112ff010 is pointing into the stack for thread: 0x000001b28b915000
stack at sp + 6 slots: 0x00000008009fa0e4 is pointing into metadata
stack at sp + 7 slots: 0x000000af112ff070 is pointing into the stack for thread: 0x000001b28b915000

--------------------------------------------------------------------------------
[Constant Pool (empty)]

--------------------------------------------------------------------------------

[MachCode]
  0x000001b2f043c8a0: 8984 2400 | 90ff ff55 | 4883 ec30 | 83fa 000f | 8e63 0000 | 0081 fa00 | 0001 000f | 8d0a 0000 
  0x000001b2f043c8c0: 00b8 1f00 | 0000 e908 | 0000 00c1 | ea10 b80f | 0000 0081 | fa00 0100 | 000f 8c06 | 0000 0083 
  0x000001b2f043c8e0: e808 c1ea | 0883 fa10 | 0f8c 0600 | 0000 83e8 | 04c1 ea04 | 83fa 040f | 8c06 0000 | 0083 e802 
  0x000001b2f043c900: c1ea 02c1 | ea01 2bc2 | 4883 c430 | 5d4d 8b97 | 1001 0000 | 4185 02c3 | 83fa 00b8 | 0000 0000 
  0x000001b2f043c920: 0f85 0500 | 0000 b820 | 0000 0048 | 83c4 305d | 4d8b 9710 | 0100 0041 | 8502 c390 | 9049 8b87 
  0x000001b2f043c940: e803 0000 | 49ba 0000 | 0000 0000 | 0000 4d89 | 97e8 0300 | 0049 ba00 | 0000 0000 | 0000 004d 
  0x000001b2f043c960: 8997 f003 | 0000 4883 | c430 5de9 | 90a4 86ff | f4f4 f4f4 | f4f4 f4f4 | f4f4 f4f4 | f4f4 f4f4 
  0x000001b2f043c980: e87b d186 | ff48 b998 | 590e 8ff8 | 7f00 0048 | 83e4 f049 | baa0 5edf | 8ef8 7f00 | 0041 ffd2 
  0x000001b2f043c9a0: f449 baa1 | c943 f0b2 | 0100 0041 | 52e9 eec9 | 7bff f4f4 | f4f4 f4f4 
[/MachCode]
--------------------------------------------------------------------------------


---------------  P R O C E S S  ---------------

Threads class SMR info:
_java_thread_list=0x000001b28cc68200, length=15, elements={
0x000001b28a90e000, 0x000001b28a90f000, 0x000001b28b1ae000, 0x000001b28b1af000,
0x000001b28b1b3000, 0x000001b28b1b6800, 0x000001b28b1b8800, 0x000001b28b2a7800,
0x000001b28b6a4800, 0x000001b28b6a5800, 0x000001b28b830000, 0x000001b28c26e000,
0x000001b28c319800, 0x000001b2e741f800, 0x000001b28b915000
}

Java Threads: ( => current thread )
  0x000001b28a90e000 JavaThread "Reference Handler" daemon [_thread_blocked, id=22400, stack(0x000000af10200000,0x000000af10300000)]
  0x000001b28a90f000 JavaThread "Finalizer" daemon [_thread_blocked, id=3044, stack(0x000000af10300000,0x000000af10400000)]
  0x000001b28b1ae000 JavaThread "Signal Dispatcher" daemon [_thread_blocked, id=21828, stack(0x000000af10400000,0x000000af10500000)]
  0x000001b28b1af000 JavaThread "Attach Listener" daemon [_thread_blocked, id=7664, stack(0x000000af10500000,0x000000af10600000)]
  0x000001b28b1b3000 JavaThread "Service Thread" daemon [_thread_blocked, id=17240, stack(0x000000af10600000,0x000000af10700000)]
  0x000001b28b1b6800 JavaThread "C1 CompilerThread0" daemon [_thread_blocked, id=16948, stack(0x000000af10700000,0x000000af10800000)]
  0x000001b28b1b8800 JavaThread "Sweeper thread" daemon [_thread_blocked, id=21540, stack(0x000000af10800000,0x000000af10900000)]
  0x000001b28b2a7800 JavaThread "Common-Cleaner" daemon [_thread_blocked, id=13792, stack(0x000000af10900000,0x000000af10a00000)]
  0x000001b28b6a4800 JavaThread "Monitor Ctrl-Break" daemon [_thread_in_native, id=23208, stack(0x000000af10a00000,0x000000af10b00000)]
  0x000001b28b6a5800 JavaThread "Notification Thread" daemon [_thread_blocked, id=22856, stack(0x000000af10b00000,0x000000af10c00000)]
  0x000001b28b830000 JavaThread "RMI TCP Accept-0" daemon [_thread_in_native, id=15476, stack(0x000000af10c00000,0x000000af10d00000)]
  0x000001b28c26e000 JavaThread "RMI TCP Connection(1)-192.168.99.1" daemon [_thread_in_native, id=10292, stack(0x000000af11300000,0x000000af11400000)]
  0x000001b28c319800 JavaThread "RMI Scheduler(0)" daemon [_thread_blocked, id=20988, stack(0x000000af11400000,0x000000af11500000)]
  0x000001b2e741f800 JavaThread "DestroyJavaVM" [_thread_blocked, id=17344, stack(0x000000af0fb00000,0x000000af0fc00000)]
=>0x000001b28b915000 JavaThread "Logging-Cleaner" [_thread_in_Java, id=20188, stack(0x000000af11200000,0x000000af11300000)]

Other Threads:
  0x000001b28a90a000 VMThread "VM Thread" [stack: 0x000000af10100000,0x000000af10200000] [id=8020]
  0x000001b28b84d000 WatcherThread [stack: 0x000000af10d00000,0x000000af10e00000] [id=22192]
  0x000001b2e7487000 GCTaskThread "GC Thread#0" [stack: 0x000000af0fc00000,0x000000af0fd00000] [id=12372]
  0x000001b28b8ef800 GCTaskThread "GC Thread#1" [stack: 0x000000af10e00000,0x000000af10f00000] [id=15760]
  0x000001b28b90a800 GCTaskThread "GC Thread#2" [stack: 0x000000af10f00000,0x000000af11000000] [id=23040]
  0x000001b28b90b000 GCTaskThread "GC Thread#3" [stack: 0x000000af11000000,0x000000af11100000] [id=15136]
  0x000001b2e74a8000 ConcurrentGCThread "G1 Main Marker" [stack: 0x000000af0fd00000,0x000000af0fe00000] [id=8336]
  0x000001b2e74a9800 ConcurrentGCThread "G1 Conc#0" [stack: 0x000000af0fe00000,0x000000af0ff00000] [id=19848]
  0x000001b28a7f5800 ConcurrentGCThread "G1 Refine#0" [stack: 0x000000af0ff00000,0x000000af10000000] [id=8900]
  0x000001b28b932800 ConcurrentGCThread "G1 Refine#1" [stack: 0x000000af11100000,0x000000af11200000] [id=14712]
  0x000001b28a7f7000 ConcurrentGCThread "G1 Young RemSet Sampling" [stack: 0x000000af10000000,0x000000af10100000] [id=6396]

Threads with active compile tasks:

VM state:not at safepoint (normal execution)

VM Mutex/Monitor currently owned by a thread: None

OutOfMemory and StackOverflow Exception counts:
OutOfMemoryError java_heap_errors=1
LinkageErrors=39

Heap address: 0x0000000701c00000, size: 4068 MB, Compressed Oops mode: Zero based, Oop shift amount: 3
Narrow klass base: 0x0000000800000000, Narrow klass shift: 3
Compressed class space size: 1073741824 Address: 0x0000000800b30000

Heap:
 garbage-first heap   total 262144K, used 61392K [0x0000000701c00000, 0x0000000800000000)
  region size 1024K, 54 young (55296K), 2 survivors (2048K)
 Metaspace       used 17309K, capacity 17947K, committed 18048K, reserved 1064960K
  class space    used 2403K, capacity 2645K, committed 2688K, reserved 1048576K
Heap Regions: E=young(eden), S=young(survivor), O=old, HS=humongous(starts), HC=humongous(continues), CS=collection set, F=free, OA=open archive, CA=closed archive, TAMS=top-at-mark-start (previous, next)
|   0|0x0000000701c00000, 0x0000000701d00000, 0x0000000701d00000|100%|HS|  |TAMS 0x0000000701c00000, 0x0000000701c00000| Complete 
|   1|0x0000000701d00000, 0x0000000701e00000, 0x0000000701e00000|100%| O|  |TAMS 0x0000000701d00000, 0x0000000701d00000| Untracked 
|   2|0x0000000701e00000, 0x0000000701f00000, 0x0000000701f00000|100%| O|  |TAMS 0x0000000701e00000, 0x0000000701e00000| Untracked 
|   3|0x0000000701f00000, 0x0000000702000000, 0x0000000702000000|100%| O|  |TAMS 0x0000000701f00000, 0x0000000701f00000| Untracked 
|   4|0x0000000702000000, 0x0000000702100000, 0x0000000702100000|100%| O|  |TAMS 0x0000000702000000, 0x0000000702000000| Untracked 
|   5|0x0000000702100000, 0x0000000702200000, 0x0000000702200000|100%| O|  |TAMS 0x0000000702100000, 0x0000000702100000| Untracked 
|   6|0x0000000702200000, 0x0000000702300000, 0x0000000702300000|100%| O|  |TAMS 0x0000000702200000, 0x0000000702200000| Untracked 
|   7|0x0000000702300000, 0x0000000702300000, 0x0000000702400000|  0%| F|  |TAMS 0x0000000702300000, 0x0000000702300000| Untracked 
|   8|0x0000000702400000, 0x0000000702400000, 0x0000000702500000|  0%| F|  |TAMS 0x0000000702400000, 0x0000000702400000| Untracked 
|   9|0x0000000702500000, 0x0000000702500000, 0x0000000702600000|  0%| F|  |TAMS 0x0000000702500000, 0x0000000702500000| Untracked 
|  10|0x0000000702600000, 0x0000000702600000, 0x0000000702700000|  0%| F|  |TAMS 0x0000000702600000, 0x0000000702600000| Untracked 
|  11|0x0000000702700000, 0x0000000702700000, 0x0000000702800000|  0%| F|  |TAMS 0x0000000702700000, 0x0000000702700000| Untracked 
|  12|0x0000000702800000, 0x0000000702800000, 0x0000000702900000|  0%| F|  |TAMS 0x0000000702800000, 0x0000000702800000| Untracked 
|  13|0x0000000702900000, 0x0000000702900000, 0x0000000702a00000|  0%| F|  |TAMS 0x0000000702900000, 0x0000000702900000| Untracked 
|  14|0x0000000702a00000, 0x0000000702a00000, 0x0000000702b00000|  0%| F|  |TAMS 0x0000000702a00000, 0x0000000702a00000| Untracked 
|  15|0x0000000702b00000, 0x0000000702b00000, 0x0000000702c00000|  0%| F|  |TAMS 0x0000000702b00000, 0x0000000702b00000| Untracked 
|  16|0x0000000702c00000, 0x0000000702c00000, 0x0000000702d00000|  0%| F|  |TAMS 0x0000000702c00000, 0x0000000702c00000| Untracked 
|  17|0x0000000702d00000, 0x0000000702d00000, 0x0000000702e00000|  0%| F|  |TAMS 0x0000000702d00000, 0x0000000702d00000| Untracked 
|  18|0x0000000702e00000, 0x0000000702e00000, 0x0000000702f00000|  0%| F|  |TAMS 0x0000000702e00000, 0x0000000702e00000| Untracked 
|  19|0x0000000702f00000, 0x0000000702f00000, 0x0000000703000000|  0%| F|  |TAMS 0x0000000702f00000, 0x0000000702f00000| Untracked 
|  20|0x0000000703000000, 0x0000000703000000, 0x0000000703100000|  0%| F|  |TAMS 0x0000000703000000, 0x0000000703000000| Untracked 
|  21|0x0000000703100000, 0x0000000703100000, 0x0000000703200000|  0%| F|  |TAMS 0x0000000703100000, 0x0000000703100000| Untracked 
|  22|0x0000000703200000, 0x0000000703200000, 0x0000000703300000|  0%| F|  |TAMS 0x0000000703200000, 0x0000000703200000| Untracked 
|  23|0x0000000703300000, 0x0000000703300000, 0x0000000703400000|  0%| F|  |TAMS 0x0000000703300000, 0x0000000703300000| Untracked 
|  24|0x0000000703400000, 0x0000000703400000, 0x0000000703500000|  0%| F|  |TAMS 0x0000000703400000, 0x0000000703400000| Untracked 
|  25|0x0000000703500000, 0x0000000703500000, 0x0000000703600000|  0%| F|  |TAMS 0x0000000703500000, 0x0000000703500000| Untracked 
|  26|0x0000000703600000, 0x0000000703600000, 0x0000000703700000|  0%| F|  |TAMS 0x0000000703600000, 0x0000000703600000| Untracked 
|  27|0x0000000703700000, 0x0000000703700000, 0x0000000703800000|  0%| F|  |TAMS 0x0000000703700000, 0x0000000703700000| Untracked 
|  28|0x0000000703800000, 0x0000000703800000, 0x0000000703900000|  0%| F|  |TAMS 0x0000000703800000, 0x0000000703800000| Untracked 
|  29|0x0000000703900000, 0x0000000703900000, 0x0000000703a00000|  0%| F|  |TAMS 0x0000000703900000, 0x0000000703900000| Untracked 
|  30|0x0000000703a00000, 0x0000000703a00000, 0x0000000703b00000|  0%| F|  |TAMS 0x0000000703a00000, 0x0000000703a00000| Untracked 
|  31|0x0000000703b00000, 0x0000000703b00000, 0x0000000703c00000|  0%| F|  |TAMS 0x0000000703b00000, 0x0000000703b00000| Untracked 
|  32|0x0000000703c00000, 0x0000000703c00000, 0x0000000703d00000|  0%| F|  |TAMS 0x0000000703c00000, 0x0000000703c00000| Untracked 
|  33|0x0000000703d00000, 0x0000000703d00000, 0x0000000703e00000|  0%| F|  |TAMS 0x0000000703d00000, 0x0000000703d00000| Untracked 
|  34|0x0000000703e00000, 0x0000000703e00000, 0x0000000703f00000|  0%| F|  |TAMS 0x0000000703e00000, 0x0000000703e00000| Untracked 
|  35|0x0000000703f00000, 0x0000000703f00000, 0x0000000704000000|  0%| F|  |TAMS 0x0000000703f00000, 0x0000000703f00000| Untracked 
|  36|0x0000000704000000, 0x0000000704000000, 0x0000000704100000|  0%| F|  |TAMS 0x0000000704000000, 0x0000000704000000| Untracked 
|  37|0x0000000704100000, 0x0000000704100000, 0x0000000704200000|  0%| F|  |TAMS 0x0000000704100000, 0x0000000704100000| Untracked 
|  38|0x0000000704200000, 0x0000000704200000, 0x0000000704300000|  0%| F|  |TAMS 0x0000000704200000, 0x0000000704200000| Untracked 
|  39|0x0000000704300000, 0x0000000704300000, 0x0000000704400000|  0%| F|  |TAMS 0x0000000704300000, 0x0000000704300000| Untracked 
|  40|0x0000000704400000, 0x0000000704400000, 0x0000000704500000|  0%| F|  |TAMS 0x0000000704400000, 0x0000000704400000| Untracked 
|  41|0x0000000704500000, 0x0000000704500000, 0x0000000704600000|  0%| F|  |TAMS 0x0000000704500000, 0x0000000704500000| Untracked 
|  42|0x0000000704600000, 0x0000000704600000, 0x0000000704700000|  0%| F|  |TAMS 0x0000000704600000, 0x0000000704600000| Untracked 
|  43|0x0000000704700000, 0x0000000704700000, 0x0000000704800000|  0%| F|  |TAMS 0x0000000704700000, 0x0000000704700000| Untracked 
|  44|0x0000000704800000, 0x0000000704800000, 0x0000000704900000|  0%| F|  |TAMS 0x0000000704800000, 0x0000000704800000| Untracked 
|  45|0x0000000704900000, 0x0000000704900000, 0x0000000704a00000|  0%| F|  |TAMS 0x0000000704900000, 0x0000000704900000| Untracked 
|  46|0x0000000704a00000, 0x0000000704a00000, 0x0000000704b00000|  0%| F|  |TAMS 0x0000000704a00000, 0x0000000704a00000| Untracked 
|  47|0x0000000704b00000, 0x0000000704b00000, 0x0000000704c00000|  0%| F|  |TAMS 0x0000000704b00000, 0x0000000704b00000| Untracked 
|  48|0x0000000704c00000, 0x0000000704c00000, 0x0000000704d00000|  0%| F|  |TAMS 0x0000000704c00000, 0x0000000704c00000| Untracked 
|  49|0x0000000704d00000, 0x0000000704d00000, 0x0000000704e00000|  0%| F|  |TAMS 0x0000000704d00000, 0x0000000704d00000| Untracked 
|  50|0x0000000704e00000, 0x0000000704e00000, 0x0000000704f00000|  0%| F|  |TAMS 0x0000000704e00000, 0x0000000704e00000| Untracked 
|  51|0x0000000704f00000, 0x0000000704f00000, 0x0000000705000000|  0%| F|  |TAMS 0x0000000704f00000, 0x0000000704f00000| Untracked 
|  52|0x0000000705000000, 0x0000000705000000, 0x0000000705100000|  0%| F|  |TAMS 0x0000000705000000, 0x0000000705000000| Untracked 
|  53|0x0000000705100000, 0x0000000705100000, 0x0000000705200000|  0%| F|  |TAMS 0x0000000705100000, 0x0000000705100000| Untracked 
|  54|0x0000000705200000, 0x0000000705200000, 0x0000000705300000|  0%| F|  |TAMS 0x0000000705200000, 0x0000000705200000| Untracked 
|  55|0x0000000705300000, 0x0000000705300000, 0x0000000705400000|  0%| F|  |TAMS 0x0000000705300000, 0x0000000705300000| Untracked 
|  56|0x0000000705400000, 0x0000000705400000, 0x0000000705500000|  0%| F|  |TAMS 0x0000000705400000, 0x0000000705400000| Untracked 
|  57|0x0000000705500000, 0x0000000705500000, 0x0000000705600000|  0%| F|  |TAMS 0x0000000705500000, 0x0000000705500000| Untracked 
|  58|0x0000000705600000, 0x0000000705600000, 0x0000000705700000|  0%| F|  |TAMS 0x0000000705600000, 0x0000000705600000| Untracked 
|  59|0x0000000705700000, 0x0000000705700000, 0x0000000705800000|  0%| F|  |TAMS 0x0000000705700000, 0x0000000705700000| Untracked 
|  60|0x0000000705800000, 0x0000000705800000, 0x0000000705900000|  0%| F|  |TAMS 0x0000000705800000, 0x0000000705800000| Untracked 
|  61|0x0000000705900000, 0x0000000705900000, 0x0000000705a00000|  0%| F|  |TAMS 0x0000000705900000, 0x0000000705900000| Untracked 
|  62|0x0000000705a00000, 0x0000000705a00000, 0x0000000705b00000|  0%| F|  |TAMS 0x0000000705a00000, 0x0000000705a00000| Untracked 
|  63|0x0000000705b00000, 0x0000000705b00000, 0x0000000705c00000|  0%| F|  |TAMS 0x0000000705b00000, 0x0000000705b00000| Untracked 
|  64|0x0000000705c00000, 0x0000000705c00000, 0x0000000705d00000|  0%| F|  |TAMS 0x0000000705c00000, 0x0000000705c00000| Untracked 
|  65|0x0000000705d00000, 0x0000000705d00000, 0x0000000705e00000|  0%| F|  |TAMS 0x0000000705d00000, 0x0000000705d00000| Untracked 
|  66|0x0000000705e00000, 0x0000000705e00000, 0x0000000705f00000|  0%| F|  |TAMS 0x0000000705e00000, 0x0000000705e00000| Untracked 
|  67|0x0000000705f00000, 0x0000000705f00000, 0x0000000706000000|  0%| F|  |TAMS 0x0000000705f00000, 0x0000000705f00000| Untracked 
|  68|0x0000000706000000, 0x0000000706000000, 0x0000000706100000|  0%| F|  |TAMS 0x0000000706000000, 0x0000000706000000| Untracked 
|  69|0x0000000706100000, 0x0000000706100000, 0x0000000706200000|  0%| F|  |TAMS 0x0000000706100000, 0x0000000706100000| Untracked 
|  70|0x0000000706200000, 0x0000000706200000, 0x0000000706300000|  0%| F|  |TAMS 0x0000000706200000, 0x0000000706200000| Untracked 
|  71|0x0000000706300000, 0x0000000706300000, 0x0000000706400000|  0%| F|  |TAMS 0x0000000706300000, 0x0000000706300000| Untracked 
|  72|0x0000000706400000, 0x0000000706400000, 0x0000000706500000|  0%| F|  |TAMS 0x0000000706400000, 0x0000000706400000| Untracked 
|  73|0x0000000706500000, 0x0000000706500000, 0x0000000706600000|  0%| F|  |TAMS 0x0000000706500000, 0x0000000706500000| Untracked 
|  74|0x0000000706600000, 0x0000000706600000, 0x0000000706700000|  0%| F|  |TAMS 0x0000000706600000, 0x0000000706600000| Untracked 
|  75|0x0000000706700000, 0x0000000706700000, 0x0000000706800000|  0%| F|  |TAMS 0x0000000706700000, 0x0000000706700000| Untracked 
|  76|0x0000000706800000, 0x0000000706800000, 0x0000000706900000|  0%| F|  |TAMS 0x0000000706800000, 0x0000000706800000| Untracked 
|  77|0x0000000706900000, 0x0000000706900000, 0x0000000706a00000|  0%| F|  |TAMS 0x0000000706900000, 0x0000000706900000| Untracked 
|  78|0x0000000706a00000, 0x0000000706a00000, 0x0000000706b00000|  0%| F|  |TAMS 0x0000000706a00000, 0x0000000706a00000| Untracked 
|  79|0x0000000706b00000, 0x0000000706b00000, 0x0000000706c00000|  0%| F|  |TAMS 0x0000000706b00000, 0x0000000706b00000| Untracked 
|  80|0x0000000706c00000, 0x0000000706c00000, 0x0000000706d00000|  0%| F|  |TAMS 0x0000000706c00000, 0x0000000706c00000| Untracked 
|  81|0x0000000706d00000, 0x0000000706d00000, 0x0000000706e00000|  0%| F|  |TAMS 0x0000000706d00000, 0x0000000706d00000| Untracked 
|  82|0x0000000706e00000, 0x0000000706e00000, 0x0000000706f00000|  0%| F|  |TAMS 0x0000000706e00000, 0x0000000706e00000| Untracked 
|  83|0x0000000706f00000, 0x0000000706f00000, 0x0000000707000000|  0%| F|  |TAMS 0x0000000706f00000, 0x0000000706f00000| Untracked 
|  84|0x0000000707000000, 0x0000000707000000, 0x0000000707100000|  0%| F|  |TAMS 0x0000000707000000, 0x0000000707000000| Untracked 
|  85|0x0000000707100000, 0x0000000707100000, 0x0000000707200000|  0%| F|  |TAMS 0x0000000707100000, 0x0000000707100000| Untracked 
|  86|0x0000000707200000, 0x0000000707200000, 0x0000000707300000|  0%| F|  |TAMS 0x0000000707200000, 0x0000000707200000| Untracked 
|  87|0x0000000707300000, 0x0000000707300000, 0x0000000707400000|  0%| F|  |TAMS 0x0000000707300000, 0x0000000707300000| Untracked 
|  88|0x0000000707400000, 0x0000000707400000, 0x0000000707500000|  0%| F|  |TAMS 0x0000000707400000, 0x0000000707400000| Untracked 
|  89|0x0000000707500000, 0x0000000707500000, 0x0000000707600000|  0%| F|  |TAMS 0x0000000707500000, 0x0000000707500000| Untracked 
|  90|0x0000000707600000, 0x0000000707600000, 0x0000000707700000|  0%| F|  |TAMS 0x0000000707600000, 0x0000000707600000| Untracked 
|  91|0x0000000707700000, 0x0000000707700000, 0x0000000707800000|  0%| F|  |TAMS 0x0000000707700000, 0x0000000707700000| Untracked 
|  92|0x0000000707800000, 0x0000000707800000, 0x0000000707900000|  0%| F|  |TAMS 0x0000000707800000, 0x0000000707800000| Untracked 
|  93|0x0000000707900000, 0x0000000707900000, 0x0000000707a00000|  0%| F|  |TAMS 0x0000000707900000, 0x0000000707900000| Untracked 
|  94|0x0000000707a00000, 0x0000000707a00000, 0x0000000707b00000|  0%| F|  |TAMS 0x0000000707a00000, 0x0000000707a00000| Untracked 
|  95|0x0000000707b00000, 0x0000000707b00000, 0x0000000707c00000|  0%| F|  |TAMS 0x0000000707b00000, 0x0000000707b00000| Untracked 
|  96|0x0000000707c00000, 0x0000000707c00000, 0x0000000707d00000|  0%| F|  |TAMS 0x0000000707c00000, 0x0000000707c00000| Untracked 
|  97|0x0000000707d00000, 0x0000000707d00000, 0x0000000707e00000|  0%| F|  |TAMS 0x0000000707d00000, 0x0000000707d00000| Untracked 
|  98|0x0000000707e00000, 0x0000000707e00000, 0x0000000707f00000|  0%| F|  |TAMS 0x0000000707e00000, 0x0000000707e00000| Untracked 
|  99|0x0000000707f00000, 0x0000000707f00000, 0x0000000708000000|  0%| F|  |TAMS 0x0000000707f00000, 0x0000000707f00000| Untracked 
| 100|0x0000000708000000, 0x0000000708000000, 0x0000000708100000|  0%| F|  |TAMS 0x0000000708000000, 0x0000000708000000| Untracked 
| 101|0x0000000708100000, 0x0000000708100000, 0x0000000708200000|  0%| F|  |TAMS 0x0000000708100000, 0x0000000708100000| Untracked 
| 102|0x0000000708200000, 0x0000000708200000, 0x0000000708300000|  0%| F|  |TAMS 0x0000000708200000, 0x0000000708200000| Untracked 
| 103|0x0000000708300000, 0x0000000708300000, 0x0000000708400000|  0%| F|  |TAMS 0x0000000708300000, 0x0000000708300000| Untracked 
| 104|0x0000000708400000, 0x0000000708400000, 0x0000000708500000|  0%| F|  |TAMS 0x0000000708400000, 0x0000000708400000| Untracked 
| 105|0x0000000708500000, 0x0000000708500000, 0x0000000708600000|  0%| F|  |TAMS 0x0000000708500000, 0x0000000708500000| Untracked 
| 106|0x0000000708600000, 0x0000000708600000, 0x0000000708700000|  0%| F|  |TAMS 0x0000000708600000, 0x0000000708600000| Untracked 
| 107|0x0000000708700000, 0x0000000708700000, 0x0000000708800000|  0%| F|  |TAMS 0x0000000708700000, 0x0000000708700000| Untracked 
| 108|0x0000000708800000, 0x0000000708800000, 0x0000000708900000|  0%| F|  |TAMS 0x0000000708800000, 0x0000000708800000| Untracked 
| 109|0x0000000708900000, 0x0000000708900000, 0x0000000708a00000|  0%| F|  |TAMS 0x0000000708900000, 0x0000000708900000| Untracked 
| 110|0x0000000708a00000, 0x0000000708a00000, 0x0000000708b00000|  0%| F|  |TAMS 0x0000000708a00000, 0x0000000708a00000| Untracked 
| 111|0x0000000708b00000, 0x0000000708b00000, 0x0000000708c00000|  0%| F|  |TAMS 0x0000000708b00000, 0x0000000708b00000| Untracked 
| 112|0x0000000708c00000, 0x0000000708c00000, 0x0000000708d00000|  0%| F|  |TAMS 0x0000000708c00000, 0x0000000708c00000| Untracked 
| 113|0x0000000708d00000, 0x0000000708d00000, 0x0000000708e00000|  0%| F|  |TAMS 0x0000000708d00000, 0x0000000708d00000| Untracked 
| 114|0x0000000708e00000, 0x0000000708e00000, 0x0000000708f00000|  0%| F|  |TAMS 0x0000000708e00000, 0x0000000708e00000| Untracked 
| 115|0x0000000708f00000, 0x0000000708f00000, 0x0000000709000000|  0%| F|  |TAMS 0x0000000708f00000, 0x0000000708f00000| Untracked 
| 116|0x0000000709000000, 0x0000000709000000, 0x0000000709100000|  0%| F|  |TAMS 0x0000000709000000, 0x0000000709000000| Untracked 
| 117|0x0000000709100000, 0x0000000709100000, 0x0000000709200000|  0%| F|  |TAMS 0x0000000709100000, 0x0000000709100000| Untracked 
| 118|0x0000000709200000, 0x0000000709200000, 0x0000000709300000|  0%| F|  |TAMS 0x0000000709200000, 0x0000000709200000| Untracked 
| 119|0x0000000709300000, 0x0000000709300000, 0x0000000709400000|  0%| F|  |TAMS 0x0000000709300000, 0x0000000709300000| Untracked 
| 120|0x0000000709400000, 0x0000000709400000, 0x0000000709500000|  0%| F|  |TAMS 0x0000000709400000, 0x0000000709400000| Untracked 
| 121|0x0000000709500000, 0x0000000709500000, 0x0000000709600000|  0%| F|  |TAMS 0x0000000709500000, 0x0000000709500000| Untracked 
| 122|0x0000000709600000, 0x0000000709600000, 0x0000000709700000|  0%| F|  |TAMS 0x0000000709600000, 0x0000000709600000| Untracked 
| 123|0x0000000709700000, 0x0000000709700000, 0x0000000709800000|  0%| F|  |TAMS 0x0000000709700000, 0x0000000709700000| Untracked 
| 124|0x0000000709800000, 0x0000000709800000, 0x0000000709900000|  0%| F|  |TAMS 0x0000000709800000, 0x0000000709800000| Untracked 
| 125|0x0000000709900000, 0x0000000709900000, 0x0000000709a00000|  0%| F|  |TAMS 0x0000000709900000, 0x0000000709900000| Untracked 
| 126|0x0000000709a00000, 0x0000000709a00000, 0x0000000709b00000|  0%| F|  |TAMS 0x0000000709a00000, 0x0000000709a00000| Untracked 
| 127|0x0000000709b00000, 0x0000000709b00000, 0x0000000709c00000|  0%| F|  |TAMS 0x0000000709b00000, 0x0000000709b00000| Untracked 
| 128|0x0000000709c00000, 0x0000000709c00000, 0x0000000709d00000|  0%| F|  |TAMS 0x0000000709c00000, 0x0000000709c00000| Untracked 
| 129|0x0000000709d00000, 0x0000000709d00000, 0x0000000709e00000|  0%| F|  |TAMS 0x0000000709d00000, 0x0000000709d00000| Untracked 
| 130|0x0000000709e00000, 0x0000000709e00000, 0x0000000709f00000|  0%| F|  |TAMS 0x0000000709e00000, 0x0000000709e00000| Untracked 
| 131|0x0000000709f00000, 0x0000000709f00000, 0x000000070a000000|  0%| F|  |TAMS 0x0000000709f00000, 0x0000000709f00000| Untracked 
| 132|0x000000070a000000, 0x000000070a000000, 0x000000070a100000|  0%| F|  |TAMS 0x000000070a000000, 0x000000070a000000| Untracked 
| 133|0x000000070a100000, 0x000000070a100000, 0x000000070a200000|  0%| F|  |TAMS 0x000000070a100000, 0x000000070a100000| Untracked 
| 134|0x000000070a200000, 0x000000070a200000, 0x000000070a300000|  0%| F|  |TAMS 0x000000070a200000, 0x000000070a200000| Untracked 
| 135|0x000000070a300000, 0x000000070a300000, 0x000000070a400000|  0%| F|  |TAMS 0x000000070a300000, 0x000000070a300000| Untracked 
| 136|0x000000070a400000, 0x000000070a400000, 0x000000070a500000|  0%| F|  |TAMS 0x000000070a400000, 0x000000070a400000| Untracked 
| 137|0x000000070a500000, 0x000000070a500000, 0x000000070a600000|  0%| F|  |TAMS 0x000000070a500000, 0x000000070a500000| Untracked 
| 138|0x000000070a600000, 0x000000070a600000, 0x000000070a700000|  0%| F|  |TAMS 0x000000070a600000, 0x000000070a600000| Untracked 
| 139|0x000000070a700000, 0x000000070a700000, 0x000000070a800000|  0%| F|  |TAMS 0x000000070a700000, 0x000000070a700000| Untracked 
| 140|0x000000070a800000, 0x000000070a800000, 0x000000070a900000|  0%| F|  |TAMS 0x000000070a800000, 0x000000070a800000| Untracked 
| 141|0x000000070a900000, 0x000000070a900000, 0x000000070aa00000|  0%| F|  |TAMS 0x000000070a900000, 0x000000070a900000| Untracked 
| 142|0x000000070aa00000, 0x000000070aa00000, 0x000000070ab00000|  0%| F|  |TAMS 0x000000070aa00000, 0x000000070aa00000| Untracked 
| 143|0x000000070ab00000, 0x000000070ab00000, 0x000000070ac00000|  0%| F|  |TAMS 0x000000070ab00000, 0x000000070ab00000| Untracked 
| 144|0x000000070ac00000, 0x000000070ac00000, 0x000000070ad00000|  0%| F|  |TAMS 0x000000070ac00000, 0x000000070ac00000| Untracked 
| 145|0x000000070ad00000, 0x000000070ad00000, 0x000000070ae00000|  0%| F|  |TAMS 0x000000070ad00000, 0x000000070ad00000| Untracked 
| 146|0x000000070ae00000, 0x000000070ae00000, 0x000000070af00000|  0%| F|  |TAMS 0x000000070ae00000, 0x000000070ae00000| Untracked 
| 147|0x000000070af00000, 0x000000070af00000, 0x000000070b000000|  0%| F|  |TAMS 0x000000070af00000, 0x000000070af00000| Untracked 
| 148|0x000000070b000000, 0x000000070b000000, 0x000000070b100000|  0%| F|  |TAMS 0x000000070b000000, 0x000000070b000000| Untracked 
| 149|0x000000070b100000, 0x000000070b100000, 0x000000070b200000|  0%| F|  |TAMS 0x000000070b100000, 0x000000070b100000| Untracked 
| 150|0x000000070b200000, 0x000000070b200000, 0x000000070b300000|  0%| F|  |TAMS 0x000000070b200000, 0x000000070b200000| Untracked 
| 151|0x000000070b300000, 0x000000070b300000, 0x000000070b400000|  0%| F|  |TAMS 0x000000070b300000, 0x000000070b300000| Untracked 
| 152|0x000000070b400000, 0x000000070b400000, 0x000000070b500000|  0%| F|  |TAMS 0x000000070b400000, 0x000000070b400000| Untracked 
| 153|0x000000070b500000, 0x000000070b500000, 0x000000070b600000|  0%| F|  |TAMS 0x000000070b500000, 0x000000070b500000| Untracked 
| 154|0x000000070b600000, 0x000000070b600000, 0x000000070b700000|  0%| F|  |TAMS 0x000000070b600000, 0x000000070b600000| Untracked 
| 155|0x000000070b700000, 0x000000070b700000, 0x000000070b800000|  0%| F|  |TAMS 0x000000070b700000, 0x000000070b700000| Untracked 
| 156|0x000000070b800000, 0x000000070b800000, 0x000000070b900000|  0%| F|  |TAMS 0x000000070b800000, 0x000000070b800000| Untracked 
| 157|0x000000070b900000, 0x000000070b900000, 0x000000070ba00000|  0%| F|  |TAMS 0x000000070b900000, 0x000000070b900000| Untracked 
| 158|0x000000070ba00000, 0x000000070ba00000, 0x000000070bb00000|  0%| F|  |TAMS 0x000000070ba00000, 0x000000070ba00000| Untracked 
| 159|0x000000070bb00000, 0x000000070bb00000, 0x000000070bc00000|  0%| F|  |TAMS 0x000000070bb00000, 0x000000070bb00000| Untracked 
| 160|0x000000070bc00000, 0x000000070bc00000, 0x000000070bd00000|  0%| F|  |TAMS 0x000000070bc00000, 0x000000070bc00000| Untracked 
| 161|0x000000070bd00000, 0x000000070bd00000, 0x000000070be00000|  0%| F|  |TAMS 0x000000070bd00000, 0x000000070bd00000| Untracked 
| 162|0x000000070be00000, 0x000000070be00000, 0x000000070bf00000|  0%| F|  |TAMS 0x000000070be00000, 0x000000070be00000| Untracked 
| 163|0x000000070bf00000, 0x000000070bf00000, 0x000000070c000000|  0%| F|  |TAMS 0x000000070bf00000, 0x000000070bf00000| Untracked 
| 164|0x000000070c000000, 0x000000070c000000, 0x000000070c100000|  0%| F|  |TAMS 0x000000070c000000, 0x000000070c000000| Untracked 
| 165|0x000000070c100000, 0x000000070c100000, 0x000000070c200000|  0%| F|  |TAMS 0x000000070c100000, 0x000000070c100000| Untracked 
| 166|0x000000070c200000, 0x000000070c200000, 0x000000070c300000|  0%| F|  |TAMS 0x000000070c200000, 0x000000070c200000| Untracked 
| 167|0x000000070c300000, 0x000000070c300000, 0x000000070c400000|  0%| F|  |TAMS 0x000000070c300000, 0x000000070c300000| Untracked 
| 168|0x000000070c400000, 0x000000070c400000, 0x000000070c500000|  0%| F|  |TAMS 0x000000070c400000, 0x000000070c400000| Untracked 
| 169|0x000000070c500000, 0x000000070c500000, 0x000000070c600000|  0%| F|  |TAMS 0x000000070c500000, 0x000000070c500000| Untracked 
| 170|0x000000070c600000, 0x000000070c600000, 0x000000070c700000|  0%| F|  |TAMS 0x000000070c600000, 0x000000070c600000| Untracked 
| 171|0x000000070c700000, 0x000000070c700000, 0x000000070c800000|  0%| F|  |TAMS 0x000000070c700000, 0x000000070c700000| Untracked 
| 172|0x000000070c800000, 0x000000070c800000, 0x000000070c900000|  0%| F|  |TAMS 0x000000070c800000, 0x000000070c800000| Untracked 
| 173|0x000000070c900000, 0x000000070c900000, 0x000000070ca00000|  0%| F|  |TAMS 0x000000070c900000, 0x000000070c900000| Untracked 
| 174|0x000000070ca00000, 0x000000070ca00000, 0x000000070cb00000|  0%| F|  |TAMS 0x000000070ca00000, 0x000000070ca00000| Untracked 
| 175|0x000000070cb00000, 0x000000070cb00000, 0x000000070cc00000|  0%| F|  |TAMS 0x000000070cb00000, 0x000000070cb00000| Untracked 
| 176|0x000000070cc00000, 0x000000070cc00000, 0x000000070cd00000|  0%| F|  |TAMS 0x000000070cc00000, 0x000000070cc00000| Untracked 
| 177|0x000000070cd00000, 0x000000070cd00000, 0x000000070ce00000|  0%| F|  |TAMS 0x000000070cd00000, 0x000000070cd00000| Untracked 
| 178|0x000000070ce00000, 0x000000070ce00000, 0x000000070cf00000|  0%| F|  |TAMS 0x000000070ce00000, 0x000000070ce00000| Untracked 
| 179|0x000000070cf00000, 0x000000070cf00000, 0x000000070d000000|  0%| F|  |TAMS 0x000000070cf00000, 0x000000070cf00000| Untracked 
| 180|0x000000070d000000, 0x000000070d000000, 0x000000070d100000|  0%| F|  |TAMS 0x000000070d000000, 0x000000070d000000| Untracked 
| 181|0x000000070d100000, 0x000000070d100000, 0x000000070d200000|  0%| F|  |TAMS 0x000000070d100000, 0x000000070d100000| Untracked 
| 182|0x000000070d200000, 0x000000070d200000, 0x000000070d300000|  0%| F|  |TAMS 0x000000070d200000, 0x000000070d200000| Untracked 
| 183|0x000000070d300000, 0x000000070d300000, 0x000000070d400000|  0%| F|  |TAMS 0x000000070d300000, 0x000000070d300000| Untracked 
| 184|0x000000070d400000, 0x000000070d400000, 0x000000070d500000|  0%| F|  |TAMS 0x000000070d400000, 0x000000070d400000| Untracked 
| 185|0x000000070d500000, 0x000000070d500000, 0x000000070d600000|  0%| F|  |TAMS 0x000000070d500000, 0x000000070d500000| Untracked 
| 186|0x000000070d600000, 0x000000070d600000, 0x000000070d700000|  0%| F|  |TAMS 0x000000070d600000, 0x000000070d600000| Untracked 
| 187|0x000000070d700000, 0x000000070d700000, 0x000000070d800000|  0%| F|  |TAMS 0x000000070d700000, 0x000000070d700000| Untracked 
| 188|0x000000070d800000, 0x000000070d800000, 0x000000070d900000|  0%| F|  |TAMS 0x000000070d800000, 0x000000070d800000| Untracked 
| 189|0x000000070d900000, 0x000000070d900000, 0x000000070da00000|  0%| F|  |TAMS 0x000000070d900000, 0x000000070d900000| Untracked 
| 190|0x000000070da00000, 0x000000070da00000, 0x000000070db00000|  0%| F|  |TAMS 0x000000070da00000, 0x000000070da00000| Untracked 
| 191|0x000000070db00000, 0x000000070db00000, 0x000000070dc00000|  0%| F|  |TAMS 0x000000070db00000, 0x000000070db00000| Untracked 
| 192|0x000000070dc00000, 0x000000070dc00000, 0x000000070dd00000|  0%| F|  |TAMS 0x000000070dc00000, 0x000000070dc00000| Untracked 
| 193|0x000000070dd00000, 0x000000070dd00000, 0x000000070de00000|  0%| F|  |TAMS 0x000000070dd00000, 0x000000070dd00000| Untracked 
| 194|0x000000070de00000, 0x000000070de00000, 0x000000070df00000|  0%| F|  |TAMS 0x000000070de00000, 0x000000070de00000| Untracked 
| 195|0x000000070df00000, 0x000000070df00000, 0x000000070e000000|  0%| F|  |TAMS 0x000000070df00000, 0x000000070df00000| Untracked 
| 196|0x000000070e000000, 0x000000070e000000, 0x000000070e100000|  0%| F|  |TAMS 0x000000070e000000, 0x000000070e000000| Untracked 
| 197|0x000000070e100000, 0x000000070e100000, 0x000000070e200000|  0%| F|  |TAMS 0x000000070e100000, 0x000000070e100000| Untracked 
| 198|0x000000070e200000, 0x000000070e200000, 0x000000070e300000|  0%| F|  |TAMS 0x000000070e200000, 0x000000070e200000| Untracked 
| 199|0x000000070e300000, 0x000000070e300000, 0x000000070e400000|  0%| F|  |TAMS 0x000000070e300000, 0x000000070e300000| Untracked 
| 200|0x000000070e400000, 0x000000070e400000, 0x000000070e500000|  0%| F|  |TAMS 0x000000070e400000, 0x000000070e400000| Untracked 
| 201|0x000000070e500000, 0x000000070e500000, 0x000000070e600000|  0%| F|  |TAMS 0x000000070e500000, 0x000000070e500000| Untracked 
| 202|0x000000070e600000, 0x000000070e600800, 0x000000070e700000|  0%| E|  |TAMS 0x000000070e600000, 0x000000070e600000| Complete 
| 203|0x000000070e700000, 0x000000070e800000, 0x000000070e800000|100%| E|CS|TAMS 0x000000070e700000, 0x000000070e700000| Complete 
| 204|0x000000070e800000, 0x000000070e900000, 0x000000070e900000|100%| E|CS|TAMS 0x000000070e800000, 0x000000070e800000| Complete 
| 205|0x000000070e900000, 0x000000070ea00000, 0x000000070ea00000|100%| E|CS|TAMS 0x000000070e900000, 0x000000070e900000| Complete 
| 206|0x000000070ea00000, 0x000000070eb00000, 0x000000070eb00000|100%| E|CS|TAMS 0x000000070ea00000, 0x000000070ea00000| Complete 
| 207|0x000000070eb00000, 0x000000070ec00000, 0x000000070ec00000|100%| E|CS|TAMS 0x000000070eb00000, 0x000000070eb00000| Complete 
| 208|0x000000070ec00000, 0x000000070ed00000, 0x000000070ed00000|100%| E|CS|TAMS 0x000000070ec00000, 0x000000070ec00000| Complete 
| 209|0x000000070ed00000, 0x000000070ee00000, 0x000000070ee00000|100%| E|CS|TAMS 0x000000070ed00000, 0x000000070ed00000| Complete 
| 210|0x000000070ee00000, 0x000000070ef00000, 0x000000070ef00000|100%| E|CS|TAMS 0x000000070ee00000, 0x000000070ee00000| Complete 
| 211|0x000000070ef00000, 0x000000070f000000, 0x000000070f000000|100%| E|CS|TAMS 0x000000070ef00000, 0x000000070ef00000| Complete 
| 212|0x000000070f000000, 0x000000070f100000, 0x000000070f100000|100%| E|CS|TAMS 0x000000070f000000, 0x000000070f000000| Complete 
| 213|0x000000070f100000, 0x000000070f200000, 0x000000070f200000|100%| E|CS|TAMS 0x000000070f100000, 0x000000070f100000| Complete 
| 214|0x000000070f200000, 0x000000070f300000, 0x000000070f300000|100%| E|CS|TAMS 0x000000070f200000, 0x000000070f200000| Complete 
| 215|0x000000070f300000, 0x000000070f400000, 0x000000070f400000|100%| E|CS|TAMS 0x000000070f300000, 0x000000070f300000| Complete 
| 216|0x000000070f400000, 0x000000070f500000, 0x000000070f500000|100%| E|CS|TAMS 0x000000070f400000, 0x000000070f400000| Complete 
| 217|0x000000070f500000, 0x000000070f600000, 0x000000070f600000|100%| E|CS|TAMS 0x000000070f500000, 0x000000070f500000| Complete 
| 218|0x000000070f600000, 0x000000070f700000, 0x000000070f700000|100%| E|CS|TAMS 0x000000070f600000, 0x000000070f600000| Complete 
| 219|0x000000070f700000, 0x000000070f800000, 0x000000070f800000|100%| E|CS|TAMS 0x000000070f700000, 0x000000070f700000| Complete 
| 220|0x000000070f800000, 0x000000070f900000, 0x000000070f900000|100%| E|CS|TAMS 0x000000070f800000, 0x000000070f800000| Complete 
| 221|0x000000070f900000, 0x000000070fa00000, 0x000000070fa00000|100%| E|CS|TAMS 0x000000070f900000, 0x000000070f900000| Complete 
| 222|0x000000070fa00000, 0x000000070fb00000, 0x000000070fb00000|100%| E|CS|TAMS 0x000000070fa00000, 0x000000070fa00000| Complete 
| 223|0x000000070fb00000, 0x000000070fc00000, 0x000000070fc00000|100%| E|CS|TAMS 0x000000070fb00000, 0x000000070fb00000| Complete 
| 224|0x000000070fc00000, 0x000000070fd00000, 0x000000070fd00000|100%| E|CS|TAMS 0x000000070fc00000, 0x000000070fc00000| Complete 
| 225|0x000000070fd00000, 0x000000070fe00000, 0x000000070fe00000|100%| E|CS|TAMS 0x000000070fd00000, 0x000000070fd00000| Complete 
| 226|0x000000070fe00000, 0x000000070ff00000, 0x000000070ff00000|100%| E|CS|TAMS 0x000000070fe00000, 0x000000070fe00000| Complete 
| 227|0x000000070ff00000, 0x0000000710000000, 0x0000000710000000|100%| E|CS|TAMS 0x000000070ff00000, 0x000000070ff00000| Complete 
| 228|0x0000000710000000, 0x0000000710100000, 0x0000000710100000|100%| E|CS|TAMS 0x0000000710000000, 0x0000000710000000| Complete 
| 229|0x0000000710100000, 0x0000000710200000, 0x0000000710200000|100%| E|CS|TAMS 0x0000000710100000, 0x0000000710100000| Complete 
| 230|0x0000000710200000, 0x0000000710300000, 0x0000000710300000|100%| E|CS|TAMS 0x0000000710200000, 0x0000000710200000| Complete 
| 231|0x0000000710300000, 0x00000007103f40c0, 0x0000000710400000| 95%| S|CS|TAMS 0x0000000710300000, 0x0000000710300000| Complete 
| 232|0x0000000710400000, 0x0000000710500000, 0x0000000710500000|100%| S|CS|TAMS 0x0000000710400000, 0x0000000710400000| Complete 
| 233|0x0000000710500000, 0x0000000710600000, 0x0000000710600000|100%| E|CS|TAMS 0x0000000710500000, 0x0000000710500000| Complete 
| 234|0x0000000710600000, 0x0000000710700000, 0x0000000710700000|100%| E|CS|TAMS 0x0000000710600000, 0x0000000710600000| Complete 
| 235|0x0000000710700000, 0x0000000710800000, 0x0000000710800000|100%| E|CS|TAMS 0x0000000710700000, 0x0000000710700000| Complete 
| 236|0x0000000710800000, 0x0000000710900000, 0x0000000710900000|100%| E|CS|TAMS 0x0000000710800000, 0x0000000710800000| Complete 
| 237|0x0000000710900000, 0x0000000710a00000, 0x0000000710a00000|100%| E|CS|TAMS 0x0000000710900000, 0x0000000710900000| Complete 
| 238|0x0000000710a00000, 0x0000000710b00000, 0x0000000710b00000|100%| E|CS|TAMS 0x0000000710a00000, 0x0000000710a00000| Complete 
| 239|0x0000000710b00000, 0x0000000710c00000, 0x0000000710c00000|100%| E|CS|TAMS 0x0000000710b00000, 0x0000000710b00000| Complete 
| 240|0x0000000710c00000, 0x0000000710d00000, 0x0000000710d00000|100%| E|CS|TAMS 0x0000000710c00000, 0x0000000710c00000| Complete 
| 241|0x0000000710d00000, 0x0000000710e00000, 0x0000000710e00000|100%| E|CS|TAMS 0x0000000710d00000, 0x0000000710d00000| Complete 
| 242|0x0000000710e00000, 0x0000000710f00000, 0x0000000710f00000|100%| E|CS|TAMS 0x0000000710e00000, 0x0000000710e00000| Complete 
| 243|0x0000000710f00000, 0x0000000711000000, 0x0000000711000000|100%| E|CS|TAMS 0x0000000710f00000, 0x0000000710f00000| Complete 
| 244|0x0000000711000000, 0x0000000711100000, 0x0000000711100000|100%| E|CS|TAMS 0x0000000711000000, 0x0000000711000000| Complete 
| 245|0x0000000711100000, 0x0000000711200000, 0x0000000711200000|100%| E|CS|TAMS 0x0000000711100000, 0x0000000711100000| Complete 
| 246|0x0000000711200000, 0x0000000711300000, 0x0000000711300000|100%| E|CS|TAMS 0x0000000711200000, 0x0000000711200000| Complete 
| 247|0x0000000711300000, 0x0000000711400000, 0x0000000711400000|100%| E|CS|TAMS 0x0000000711300000, 0x0000000711300000| Complete 
| 248|0x0000000711400000, 0x0000000711500000, 0x0000000711500000|100%| E|CS|TAMS 0x0000000711400000, 0x0000000711400000| Complete 
| 249|0x0000000711500000, 0x0000000711600000, 0x0000000711600000|100%| E|CS|TAMS 0x0000000711500000, 0x0000000711500000| Complete 
| 250|0x0000000711600000, 0x0000000711700000, 0x0000000711700000|100%| E|CS|TAMS 0x0000000711600000, 0x0000000711600000| Complete 
| 251|0x0000000711700000, 0x0000000711800000, 0x0000000711800000|100%| E|CS|TAMS 0x0000000711700000, 0x0000000711700000| Complete 
| 252|0x0000000711800000, 0x0000000711900000, 0x0000000711900000|100%| E|CS|TAMS 0x0000000711800000, 0x0000000711800000| Complete 
| 253|0x0000000711900000, 0x0000000711a00000, 0x0000000711a00000|100%| E|CS|TAMS 0x0000000711900000, 0x0000000711900000| Complete 
| 254|0x0000000711a00000, 0x0000000711b00000, 0x0000000711b00000|100%| E|CS|TAMS 0x0000000711a00000, 0x0000000711a00000| Complete 
| 255|0x0000000711b00000, 0x0000000711c00000, 0x0000000711c00000|100%| E|CS|TAMS 0x0000000711b00000, 0x0000000711b00000| Complete 

Card table byte_map: [0x000001b2ff3b0000,0x000001b2ffbb0000] _byte_map_base: 0x000001b2fbba2000

Marking Bits (Prev, Next): (CMBitMap*) 0x000001b2e74879b8, (CMBitMap*) 0x000001b2e74879f8
 Prev Bits: [0x000001b280800000, 0x000001b284790000)
 Next Bits: [0x000001b284790000, 0x000001b288720000)

Polling page: 0x000001b2e5580000

Metaspace:

Usage:
  Non-class:     14.94 MB capacity,    14.56 MB ( 97%) used,   333.66 KB (  2%) free+waste,    63.13 KB ( <1%) overhead. 
      Class:      2.58 MB capacity,     2.35 MB ( 91%) used,   207.08 KB (  8%) free+waste,    34.06 KB (  1%) overhead. 
       Both:     17.53 MB capacity,    16.90 MB ( 96%) used,   540.73 KB (  3%) free+waste,    97.19 KB ( <1%) overhead. 

Virtual space:
  Non-class space:       16.00 MB reserved,      15.00 MB ( 94%) committed 
      Class space:        1.00 GB reserved,       2.63 MB ( <1%) committed 
             Both:        1.02 GB reserved,      17.63 MB (  2%) committed 

Chunk freelists:
   Non-Class:  58.00 KB
       Class:  11.00 KB
        Both:  69.00 KB

MaxMetaspaceSize: 17179869184.00 GB
CompressedClassSpaceSize: 1.00 GB

CodeHeap 'non-profiled nmethods': size=238912Kb used=3503Kb max_used=3503Kb free=235408Kb
 bounds [0x000001b2f0260000, 0x000001b2f05d0000, 0x000001b2febb0000]
CodeHeap 'non-nmethods': size=6848Kb used=1219Kb max_used=1219Kb free=5629Kb
 bounds [0x000001b2efbb0000, 0x000001b2efe20000, 0x000001b2f0260000]
 total_blobs=3087 nmethods=2327 adapters=414
 compilation: enabled
              stopped_count=0, restarted_count=0
 full_count=0

Compilation events (20 events):
Event: 1.381 Thread 0x000001b28b1b6800 2319       1       org.springframework.core.ResolvableType::forType (115 bytes)
Event: 1.381 Thread 0x000001b28b1b6800 nmethod 2319 0x000001b2f05c8b10 code [0x000001b2f05c8d20, 0x000001b2f05c9288]
Event: 1.381 Thread 0x000001b28b1b6800 2320       1       org.springframework.core.ResolvableType::resolveClass (73 bytes)
Event: 1.381 Thread 0x000001b28b1b6800 nmethod 2320 0x000001b2f05c9590 code [0x000001b2f05c9760, 0x000001b2f05c9a48]
Event: 1.383 Thread 0x000001b28b1b6800 2321       1       org.springframework.core.ResolvableType::<init> (41 bytes)
Event: 1.383 Thread 0x000001b28b1b6800 nmethod 2321 0x000001b2f05c9b90 code [0x000001b2f05c9d40, 0x000001b2f05ca108]
Event: 1.386 Thread 0x000001b28b1b6800 2322       1       java.lang.ModuleLayer::boot (4 bytes)
Event: 1.386 Thread 0x000001b28b1b6800 nmethod 2322 0x000001b2f05ca210 code [0x000001b2f05ca3a0, 0x000001b2f05ca458]
Event: 1.386 Thread 0x000001b28b1b6800 2323       1       java.lang.StackTraceElement::<init> (10 bytes)
Event: 1.386 Thread 0x000001b28b1b6800 nmethod 2323 0x000001b2f05ca510 code [0x000001b2f05ca6a0, 0x000001b2f05ca778]
Event: 1.387 Thread 0x000001b28b1b6800 2324  s!   1       java.lang.StackTraceElement::computeFormat (71 bytes)
Event: 1.387 Thread 0x000001b28b1b6800 nmethod 2324 0x000001b2f05ca810 code [0x000001b2f05ca9c0, 0x000001b2f05cae78]
Event: 1.387 Thread 0x000001b28b1b6800 2325       1       java.lang.StackTraceElement::isHashedInJavaBase (31 bytes)
Event: 1.387 Thread 0x000001b28b1b6800 nmethod 2325 0x000001b2f05cb010 code [0x000001b2f05cb1c0, 0x000001b2f05cb358]
Event: 1.387 Thread 0x000001b28b1b6800 2326       1       java.lang.Module::getLayer (43 bytes)
Event: 1.387 Thread 0x000001b28b1b6800 nmethod 2326 0x000001b2f05cb410 code [0x000001b2f05cb5c0, 0x000001b2f05cb768]
Event: 1.388 Thread 0x000001b28b1b6800 2327       1       java.util.Calendar::internalSet (8 bytes)
Event: 1.388 Thread 0x000001b28b1b6800 nmethod 2327 0x000001b2f05cb810 code [0x000001b2f05cb9a0, 0x000001b2f05cbab8]
Event: 1.388 Thread 0x000001b28b1b6800 2328       1       ch.qos.logback.core.pattern.Converter::getNext (5 bytes)
Event: 1.388 Thread 0x000001b28b1b6800 nmethod 2328 0x000001b2f05cbb90 code [0x000001b2f05cbd20, 0x000001b2f05cbdf8]

GC Heap History (6 events):
Event: 0.683 GC heap before
{Heap before GC invocations=0 (full 0):
 garbage-first heap   total 262144K, used 14336K [0x0000000701c00000, 0x0000000800000000)
  region size 1024K, 13 young (13312K), 0 survivors (0K)
 Metaspace       used 5078K, capacity 5447K, committed 5632K, reserved 1056768K
  class space    used 628K, capacity 719K, committed 768K, reserved 1048576K
}
Event: 0.689 GC heap after
{Heap after GC invocations=1 (full 0):
 garbage-first heap   total 262144K, used 7375K [0x0000000701c00000, 0x0000000800000000)
  region size 1024K, 2 young (2048K), 2 survivors (2048K)
 Metaspace       used 5078K, capacity 5447K, committed 5632K, reserved 1056768K
  class space    used 628K, capacity 719K, committed 768K, reserved 1048576K
}
Event: 0.829 GC heap before
{Heap before GC invocations=1 (full 0):
 garbage-first heap   total 262144K, used 18639K [0x0000000701c00000, 0x0000000800000000)
  region size 1024K, 13 young (13312K), 2 survivors (2048K)
 Metaspace       used 6882K, capacity 7134K, committed 7168K, reserved 1056768K
  class space    used 879K, capacity 1003K, committed 1024K, reserved 1048576K
}
Event: 0.832 GC heap after
{Heap after GC invocations=2 (full 0):
 garbage-first heap   total 262144K, used 8001K [0x0000000701c00000, 0x0000000800000000)
  region size 1024K, 1 young (1024K), 1 survivors (1024K)
 Metaspace       used 6882K, capacity 7134K, committed 7168K, reserved 1056768K
  class space    used 879K, capacity 1003K, committed 1024K, reserved 1048576K
}
Event: 1.018 GC heap before
{Heap before GC invocations=2 (full 0):
 garbage-first heap   total 262144K, used 30529K [0x0000000701c00000, 0x0000000800000000)
  region size 1024K, 23 young (23552K), 1 survivors (1024K)
 Metaspace       used 10374K, capacity 10800K, committed 10880K, reserved 1058816K
  class space    used 1428K, capacity 1589K, committed 1664K, reserved 1048576K
}
Event: 1.020 GC heap after
{Heap after GC invocations=3 (full 0):
 garbage-first heap   total 262144K, used 9168K [0x0000000701c00000, 0x0000000800000000)
  region size 1024K, 2 young (2048K), 2 survivors (2048K)
 Metaspace       used 10374K, capacity 10800K, committed 10880K, reserved 1058816K
  class space    used 1428K, capacity 1589K, committed 1664K, reserved 1048576K
}

Deoptimization events (0 events):
No events

Classes unloaded (0 events):
No events

Classes redefined (0 events):
No events

Internal exceptions (20 events):
Event: 1.155 Thread 0x000001b2e741f800 Exception <a 'java/lang/ClassNotFoundException'{0x00000007100c59c0}: org/springframework/beans/factory/support/BeanDefinitionRegistryPostProcessorCustomizer> (0x00000007100c59c0) 
thrown [./open/src/hotspot/share/classfile/systemDictionary.cpp, line 226]
Event: 1.155 Thread 0x000001b2e741f800 Exception <a 'java/lang/ClassNotFoundException'{0x00000007100db298}: org/springframework/beans/factory/config/BeanFactoryPostProcessorCustomizer> (0x00000007100db298) 
thrown [./open/src/hotspot/share/classfile/systemDictionary.cpp, line 226]
Event: 1.156 Thread 0x000001b2e741f800 Exception <a 'java/lang/ClassNotFoundException'{0x00000007100ecfb0}: org/springframework/core/PriorityOrderedCustomizer> (0x00000007100ecfb0) 
thrown [./open/src/hotspot/share/classfile/systemDictionary.cpp, line 226]
Event: 1.156 Thread 0x000001b2e741f800 Exception <a 'java/lang/ClassNotFoundException'{0x00000007100fc7d0}: org/springframework/core/OrderedCustomizer> (0x00000007100fc7d0) 
thrown [./open/src/hotspot/share/classfile/systemDictionary.cpp, line 226]
Event: 1.157 Thread 0x000001b2e741f800 Exception <a 'java/lang/ClassNotFoundException'{0x000000070ff8f8c8}: org/springframework/context/ResourceLoaderAwareCustomizer> (0x000000070ff8f8c8) 
thrown [./open/src/hotspot/share/classfile/systemDictionary.cpp, line 226]
Event: 1.157 Thread 0x000001b2e741f800 Exception <a 'java/lang/ClassNotFoundException'{0x000000070ffa0f78}: org/springframework/beans/factory/AwareCustomizer> (0x000000070ffa0f78) 
thrown [./open/src/hotspot/share/classfile/systemDictionary.cpp, line 226]
Event: 1.158 Thread 0x000001b2e741f800 Exception <a 'java/lang/ClassNotFoundException'{0x000000070ffb3988}: org/springframework/beans/factory/BeanClassLoaderAwareCustomizer> (0x000000070ffb3988) 
thrown [./open/src/hotspot/share/classfile/systemDictionary.cpp, line 226]
Event: 1.158 Thread 0x000001b2e741f800 Exception <a 'java/lang/ClassNotFoundException'{0x000000070ffc5050}: org/springframework/beans/factory/AwareCustomizer> (0x000000070ffc5050) 
thrown [./open/src/hotspot/share/classfile/systemDictionary.cpp, line 226]
Event: 1.159 Thread 0x000001b2e741f800 Exception <a 'java/lang/ClassNotFoundException'{0x000000070ffd65d0}: org/springframework/context/EnvironmentAwareCustomizer> (0x000000070ffd65d0) 
thrown [./open/src/hotspot/share/classfile/systemDictionary.cpp, line 226]
Event: 1.159 Thread 0x000001b2e741f800 Exception <a 'java/lang/ClassNotFoundException'{0x000000070ffe7be8}: org/springframework/beans/factory/AwareCustomizer> (0x000000070ffe7be8) 
thrown [./open/src/hotspot/share/classfile/systemDictionary.cpp, line 226]
Event: 1.173 Thread 0x000001b2e741f800 Exception <a 'java/lang/NoSuchMethodError'{0x000000070fd803b0}: 'java.lang.Object java.lang.invoke.Invokers$Holder.invokeExact_MT(java.lang.Object, java.lang.Object, java.lang.Object, java.lang.Object, java.lang.Object, java.lang.Object)'> (0x000000070fd803b0) 
thrown [./open/src/hotspot/share/interpreter/linkResolver.cpp, line 766]
Event: 1.216 Thread 0x000001b28b915000 Exception <a 'java/lang/NoSuchMethodError'{0x000000070f56e1b8}: 'long java.lang.invoke.DirectMethodHandle$Holder.invokeStatic(java.lang.Object, java.lang.Object)'> (0x000000070f56e1b8) 
thrown [./open/src/hotspot/share/interpreter/linkResolver.cpp, line 766]
Event: 1.217 Thread 0x000001b28b915000 Exception <a 'java/lang/NoSuchMethodError'{0x000000070f570ec0}: 'long java.lang.invoke.DirectMethodHandle$Holder.invokeStaticInit(java.lang.Object, java.lang.Object)'> (0x000000070f570ec0) 
thrown [./open/src/hotspot/share/interpreter/linkResolver.cpp, line 766]
Event: 1.219 Thread 0x000001b28b915000 Exception <a 'java/lang/NoSuchMethodError'{0x000000070f59fcd0}: 'long java.lang.invoke.DirectMethodHandle$Holder.invokeInterface(java.lang.Object, java.lang.Object)'> (0x000000070f59fcd0) 
thrown [./open/src/hotspot/share/interpreter/linkResolver.cpp, line 766]
Event: 1.220 Thread 0x000001b28b915000 Exception <a 'java/lang/IncompatibleClassChangeError'{0x000000070f5a27f8}: Found class java.lang.Object, but interface was expected> (0x000000070f5a27f8) 
thrown [./open/src/hotspot/share/interpreter/linkResolver.cpp, line 832]
Event: 1.230 Thread 0x000001b28b915000 Exception <a 'java/lang/NoSuchMethodError'{0x000000070f4db980}: 'java.lang.Object java.lang.invoke.DirectMethodHandle$Holder.invokeVirtual(java.lang.Object, java.lang.Object, java.lang.Object, java.lang.Object)'> (0x000000070f4db980) 
thrown [./open/src/hotspot/share/interpreter/linkResolver.cpp, line 766]
Event: 1.259 Thread 0x000001b2e741f800 Exception <a 'java/lang/NoSuchMethodError'{0x000000070f111598}: 'void java.lang.invoke.DirectMethodHandle$Holder.invokeInterface(java.lang.Object, java.lang.Object, java.lang.Object, java.lang.Object)'> (0x000000070f111598) 
thrown [./open/src/hotspot/share/interpreter/linkResolver.cpp, line 766]
Event: 1.371 Thread 0x000001b2e741f800 Exception <a 'java/lang/OutOfMemoryError'{0x000000070e835a40}> (0x000000070e835a40) 
thrown [./open/src/hotspot/share/prims/jni.cpp, line 620]
Event: 1.372 Thread 0x000001b2e741f800 Exception <a 'java/lang/NoSuchMethodError'{0x000000070e8474d8}: 'void java.lang.invoke.DirectMethodHandle$Holder.invokeInterface(java.lang.Object, java.lang.Object)'> (0x000000070e8474d8) 
thrown [./open/src/hotspot/share/interpreter/linkResolver.cpp, line 766]
Event: 1.387 Thread 0x000001b2e741f800 Exception <a 'java/lang/NoClassDefFoundError'{0x000000070e721388}: sun/reflect/Reflection> (0x000000070e721388) 
thrown [./open/src/hotspot/share/classfile/systemDictionary.cpp, line 215]

Events (20 events):
Event: 1.233 Thread 0x000001b28b915000 Thread exited: 0x000001b28b915000
Event: 1.242 loading class java/lang/TypeNotPresentException
Event: 1.242 loading class java/lang/TypeNotPresentException done
Event: 1.266 loading class java/net/HttpURLConnection
Event: 1.266 loading class java/net/HttpURLConnection done
Event: 1.270 Executing VM operation: BulkRevokeBias
Event: 1.270 Executing VM operation: BulkRevokeBias done
Event: 1.279 Executing VM operation: BulkRevokeBias
Event: 1.279 Executing VM operation: BulkRevokeBias done
Event: 1.350 Loaded shared library C:\Program Files\Java\jdk-14.0.1\bin\zip.dll
Event: 1.363 Loaded shared library C:\Program Files\Java\jdk-14.0.1\bin\nio.dll
Event: 1.371 loading class java/util/zip/DataFormatException
Event: 1.371 loading class java/util/zip/DataFormatException done
Event: 1.387 loading class sun/reflect/Reflection
Event: 1.387 loading class sun/reflect/Reflection done
Event: 1.388 loading class java/security/AllPermissionCollection
Event: 1.388 loading class java/security/AllPermissionCollection done
Event: 1.389 Thread 0x000001b2e741f800 Thread exited: 0x000001b2e741f800
Event: 1.389 Thread 0x000001b2e741f800 Thread added: 0x000001b2e741f800
Event: 1.389 Thread 0x000001b28b915000 Thread added: 0x000001b28b915000


Dynamic libraries:
0x00007ff709710000 - 0x00007ff70971f000 	C:\Program Files\Java\jdk-14.0.1\bin\java.exe
0x00007ff904e00000 - 0x00007ff904ff0000 	C:\WINDOWS\SYSTEM32\ntdll.dll
0x00007ff9045a0000 - 0x00007ff904652000 	C:\WINDOWS\System32\KERNEL32.DLL
0x00007ff901e20000 - 0x00007ff9020c5000 	C:\WINDOWS\System32\KERNELBASE.dll
0x00007ff9023c0000 - 0x00007ff9024ba000 	C:\WINDOWS\System32\ucrtbase.dll
0x00007ff8f5230000 - 0x00007ff8f5248000 	C:\Program Files\Java\jdk-14.0.1\bin\jli.dll
0x00007ff9043d0000 - 0x00007ff904473000 	C:\WINDOWS\System32\ADVAPI32.dll
0x00007ff9031c0000 - 0x00007ff90325e000 	C:\WINDOWS\System32\msvcrt.dll
0x00007ff903d10000 - 0x00007ff903da7000 	C:\WINDOWS\System32\sechost.dll
0x00007ff903080000 - 0x00007ff9031a0000 	C:\WINDOWS\System32\RPCRT4.dll
0x00007ff903270000 - 0x00007ff903404000 	C:\WINDOWS\System32\USER32.dll
0x00007ff901d70000 - 0x00007ff901d91000 	C:\WINDOWS\System32\win32u.dll
0x00007ff904660000 - 0x00007ff904686000 	C:\WINDOWS\System32\GDI32.dll
0x00007ff9020d0000 - 0x00007ff902266000 	C:\WINDOWS\System32\gdi32full.dll
0x00007ff902290000 - 0x00007ff90232e000 	C:\WINDOWS\System32\msvcp_win.dll
0x00007ff8ede40000 - 0x00007ff8ede55000 	C:\Program Files\Java\jdk-14.0.1\bin\VCRUNTIME140.dll
0x00007ff8eec90000 - 0x00007ff8eef14000 	C:\WINDOWS\WinSxS\amd64_microsoft.windows.common-controls_6595b64144ccf1df_6.0.18362.1256_none_9e7e379be45e40e2\COMCTL32.dll
0x00007ff904090000 - 0x00007ff9043c6000 	C:\WINDOWS\System32\combase.dll
0x00007ff902330000 - 0x00007ff9023b1000 	C:\WINDOWS\System32\bcryptPrimitives.dll
0x00007ff8fb2e0000 - 0x00007ff8fb2ea000 	C:\WINDOWS\SYSTEM32\VERSION.dll
0x00007ff904690000 - 0x00007ff9046be000 	C:\WINDOWS\System32\IMM32.DLL
0x00007ff8e7200000 - 0x00007ff8e729b000 	C:\Program Files\Java\jdk-14.0.1\bin\msvcp140.dll
0x00007ff88e8c0000 - 0x00007ff88f3de000 	C:\Program Files\Java\jdk-14.0.1\bin\server\jvm.dll
0x00007ff903490000 - 0x00007ff903498000 	C:\WINDOWS\System32\PSAPI.DLL
0x00007ff8ea880000 - 0x00007ff8ea889000 	C:\WINDOWS\SYSTEM32\WSOCK32.dll
0x00007ff904480000 - 0x00007ff9044ef000 	C:\WINDOWS\System32\WS2_32.dll
0x00007ff8fe4a0000 - 0x00007ff8fe4c4000 	C:\WINDOWS\SYSTEM32\WINMM.dll
0x00007ff8fe470000 - 0x00007ff8fe49d000 	C:\WINDOWS\SYSTEM32\winmmbase.dll
0x00007ff901dd0000 - 0x00007ff901e1a000 	C:\WINDOWS\System32\cfgmgr32.dll
0x00007ff901d30000 - 0x00007ff901d41000 	C:\WINDOWS\System32\kernel.appcore.dll
0x00007ff8f5220000 - 0x00007ff8f522a000 	C:\Program Files\Java\jdk-14.0.1\bin\jimage.dll
0x00007ff900530000 - 0x00007ff900724000 	C:\WINDOWS\SYSTEM32\DBGHELP.DLL
0x00007ff8e7cf0000 - 0x00007ff8e7d1a000 	C:\WINDOWS\SYSTEM32\dbgcore.DLL
0x00007ff8fc460000 - 0x00007ff8fc46e000 	C:\Program Files\Java\jdk-14.0.1\bin\instrument.dll
0x00007ff8edaa0000 - 0x00007ff8edac5000 	C:\Program Files\Java\jdk-14.0.1\bin\java.dll
0x00007ff8edd20000 - 0x00007ff8edd36000 	C:\Program Files\Java\jdk-14.0.1\bin\zip.dll
0x00007ff903570000 - 0x00007ff903c57000 	C:\WINDOWS\System32\SHELL32.dll
0x00007ff9044f0000 - 0x00007ff904599000 	C:\WINDOWS\System32\shcore.dll
0x00007ff902720000 - 0x00007ff902ea1000 	C:\WINDOWS\System32\windows.storage.dll
0x00007ff901d00000 - 0x00007ff901d23000 	C:\WINDOWS\System32\profapi.dll
0x00007ff901cb0000 - 0x00007ff901cfa000 	C:\WINDOWS\System32\powrprof.dll
0x00007ff901ca0000 - 0x00007ff901cb0000 	C:\WINDOWS\System32\UMPDC.dll
0x00007ff904790000 - 0x00007ff9047e2000 	C:\WINDOWS\System32\shlwapi.dll
0x00007ff902270000 - 0x00007ff902287000 	C:\WINDOWS\System32\cryptsp.dll
0x00007ff8ed460000 - 0x00007ff8ed479000 	C:\Program Files\Java\jdk-14.0.1\bin\net.dll
0x00007ff8fb5f0000 - 0x00007ff8fb6e0000 	C:\WINDOWS\SYSTEM32\WINHTTP.dll
0x00007ff9014c0000 - 0x00007ff901527000 	C:\WINDOWS\system32\mswsock.dll
0x00007ff8ebd30000 - 0x00007ff8ebd42000 	C:\Program Files\Java\jdk-14.0.1\bin\nio.dll
0x00007ff8fc4f0000 - 0x00007ff8fc50a000 	C:\Program Files\JetBrains\IntelliJ IDEA 2018.3.5\bin\breakgen64.dll
0x00007ff901210000 - 0x00007ff9012db000 	C:\WINDOWS\SYSTEM32\DNSAPI.dll
0x00007ff903260000 - 0x00007ff903268000 	C:\WINDOWS\System32\NSI.dll
0x00007ff9011d0000 - 0x00007ff90120a000 	C:\WINDOWS\SYSTEM32\IPHLPAPI.DLL
0x00007ff8fa840000 - 0x00007ff8fa84a000 	C:\Windows\System32\rasadhlp.dll
0x00007ff8fd520000 - 0x00007ff8fd597000 	C:\WINDOWS\System32\fwpuclnt.dll
0x00007ff901da0000 - 0x00007ff901dc6000 	C:\WINDOWS\System32\bcrypt.dll
0x00007ff8f4f20000 - 0x00007ff8f4f29000 	C:\Program Files\Java\jdk-14.0.1\bin\management.dll
0x00007ff8ee300000 - 0x00007ff8ee30b000 	C:\Program Files\Java\jdk-14.0.1\bin\management_ext.dll
0x00007ff900fc0000 - 0x00007ff900ff3000 	C:\WINDOWS\system32\rsaenh.dll
0x00007ff901bc0000 - 0x00007ff901be5000 	C:\WINDOWS\SYSTEM32\USERENV.dll
0x00007ff9016c0000 - 0x00007ff9016cc000 	C:\WINDOWS\SYSTEM32\CRYPTBASE.dll
0x00007ff8ffb50000 - 0x00007ff8ffb66000 	C:\WINDOWS\SYSTEM32\dhcpcsvc6.DLL
0x00007ff8ffb10000 - 0x00007ff8ffb2c000 	C:\WINDOWS\SYSTEM32\dhcpcsvc.DLL
0x00007ff8d47e0000 - 0x00007ff8d47f6000 	C:\WINDOWS\system32\napinsp.dll
0x00007ff8d3550000 - 0x00007ff8d356a000 	C:\WINDOWS\system32\pnrpnsp.dll
0x00007ff8d47d0000 - 0x00007ff8d47de000 	C:\WINDOWS\System32\winrnr.dll
0x00007ff8fd4a0000 - 0x00007ff8fd4bc000 	C:\WINDOWS\system32\NLAapi.dll
0x00007ff8d5160000 - 0x00007ff8d5175000 	C:\WINDOWS\system32\wshbth.dll

dbghelp: loaded successfully - version: 4.0.5 - missing functions: none
symbol engine: initialized successfully - sym options: 0x614 - pdb path: .;C:\Program Files\Java\jdk-14.0.1\bin;C:\WINDOWS\SYSTEM32;C:\WINDOWS\WinSxS\amd64_microsoft.windows.common-controls_6595b64144ccf1df_6.0.18362.1256_none_9e7e379be45e40e2;C:\Program Files\Java\jdk-14.0.1\bin\server;C:\Program Files\JetBrains\IntelliJ IDEA 2018.3.5\bin

VM Arguments:
jvm_args: -XX:TieredStopAtLevel=1 -Xverify:none -Dspring.output.ansi.enabled=always -Dcom.sun.management.jmxremote -Dspring.jmx.enabled=true -Dspring.liveBeansView.mbeanDomain -Dspring.application.admin.enabled=true -javaagent:C:\Program Files\JetBrains\IntelliJ IDEA 2018.3.5\lib\idea_rt.jar=58077:C:\Program Files\JetBrains\IntelliJ IDEA 2018.3.5\bin -Dfile.encoding=UTF-8 
java_command: pl.project.ExchangeTradingApplication
java_class_path (initial): E:\Java\Exchange-Trading\target\classes;C:\Users\kwasi\.m2\repository\org\springframework\boot\spring-boot-starter-data-jpa\2.2.6.RELEASE\spring-boot-starter-data-jpa-2.2.6.RELEASE.jar;C:\Users\kwasi\.m2\repository\org\springframework\boot\spring-boot-starter-aop\2.2.6.RELEASE\spring-boot-starter-aop-2.2.6.RELEASE.jar;C:\Users\kwasi\.m2\repository\org\springframework\spring-aop\5.2.5.RELEASE\spring-aop-5.2.5.RELEASE.jar;C:\Users\kwasi\.m2\repository\org\aspectj\aspectjweaver\1.9.5\aspectjweaver-1.9.5.jar;C:\Users\kwasi\.m2\repository\org\springframework\boot\spring-boot-starter-jdbc\2.2.6.RELEASE\spring-boot-starter-jdbc-2.2.6.RELEASE.jar;C:\Users\kwasi\.m2\repository\com\zaxxer\HikariCP\3.4.2\HikariCP-3.4.2.jar;C:\Users\kwasi\.m2\repository\org\springframework\spring-jdbc\5.2.5.RELEASE\spring-jdbc-5.2.5.RELEASE.jar;C:\Users\kwasi\.m2\repository\jakarta\activation\jakarta.activation-api\1.2.2\jakarta.activation-api-1.2.2.jar;C:\Users\kwasi\.m2\repository\jakarta\persistence\jakarta.persistence-api\2.2.3\jakarta.persistence-api-2.2.3.jar;C:\Users\kwasi\.m2\repository\jakarta\transaction\jakarta.transaction-api\1.3.3\jakarta.transaction-api-1.3.3.jar;C:\Users\kwasi\.m2\repository\org\springframework\data\spring-data-jpa\2.2.6.RELEASE\spring-data-jpa-2.2.6.RELEASE.jar;C:\Users\kwasi\.m2\repository\org\springframework\data\spring-data-commons\2.2.6.RELEASE\spring-data-commons-2.2.6.RELEASE.jar;C:\Users\kwasi\.m2\repository\org\springframework\spring-orm\5.2.5.RELEASE\spring-orm-5.2.5.RELEASE.jar;C:\Users\kwasi\.m2\repository\org\springframework\spring-context\5.2.5.RELEASE\spring-context-5.2.5.RELEASE.jar;C:\Users\kwasi\.m2\repository\org\springframework\spring-tx\5.2.5.RELEASE\spring-tx-5.2.5.RELEASE.jar;C:\Users\kwasi\.m2\repository\org\springframework\spring-beans\5.2.5.RELEASE\spring-beans-5.2.5.RELEASE.jar;C:\Users\kwasi\.m2\repository\org\springframework\spring-aspects\5.2.5.RELEASE\spring-aspects-5.2.5.RELEASE.jar;C:\Users\kwasi\.m2\r
Launcher Type: SUN_STANDARD

[Global flags]
     intx CICompilerCount                          = 3                                         {product} {ergonomic}
     uint ConcGCThreads                            = 1                                         {product} {ergonomic}
     uint G1ConcRefinementThreads                  = 4                                         {product} {ergonomic}
   size_t G1HeapRegionSize                         = 1048576                                   {product} {ergonomic}
    uintx GCDrainStackTargetSize                   = 64                                        {product} {ergonomic}
   size_t InitialHeapSize                          = 268435456                                 {product} {ergonomic}
     bool ManagementServer                         = true                                      {product} {command line}
   size_t MarkStackSize                            = 4194304                                   {product} {ergonomic}
   size_t MaxHeapSize                              = 4265607168                                {product} {ergonomic}
   size_t MaxNewSize                               = 2558525440                                {product} {ergonomic}
   size_t MinHeapDeltaBytes                        = 1048576                                   {product} {ergonomic}
   size_t MinHeapSize                              = 8388608                                   {product} {ergonomic}
    uintx NonNMethodCodeHeapSize                   = 6973028                                {pd product} {ergonomic}
    uintx NonProfiledCodeHeapSize                  = 244685212                              {pd product} {ergonomic}
    uintx ProfiledCodeHeapSize                     = 0                                      {pd product} {ergonomic}
    uintx ReservedCodeCacheSize                    = 251658240                              {pd product} {ergonomic}
     bool SegmentedCodeCache                       = true                                      {product} {ergonomic}
   size_t SoftMaxHeapSize                          = 4265607168                             {manageable} {ergonomic}
     intx TieredStopAtLevel                        = 1                                         {product} {command line}
     bool UseCompressedClassPointers               = true                                 {lp64_product} {ergonomic}
     bool UseCompressedOops                        = true                                 {lp64_product} {ergonomic}
     bool UseG1GC                                  = true                                      {product} {ergonomic}
     bool UseLargePagesIndividualAllocation        = false                                  {pd product} {ergonomic}

Logging:
Log output configuration:
 #0: stdout all=warning uptime,level,tags
 #1: stderr all=off uptime,level,tags

Environment Variables:
JAVA_HOME=C:\Program Files\Java\jdk-14.0.1\bin
PATH=C:\Program Files\Java\jdk-14.0.1\bin;C:\Program Files (x86)\Common Files\Oracle\Java\javapath;C:\Program Files (x86)\Razer Chroma SDK\bin;C:\Program Files\Razer Chroma SDK\bin;C:\Program Files (x86)\Razer\ChromaBroadcast\bin;C:\Program Files\Razer\ChromaBroadcast\bin;C:\Program Files (x86)\Intel\Intel(R) Management Engine Components\iCLS\;C:\Program Files\Intel\Intel(R) Management Engine Components\iCLS\;E:\Program Files (x86)\Borland\CBuilder6\Bin;E:\Program Files (x86)\Borland\CBuilder6\Projects\Bpl;C:\Program Files (x86)\NVIDIA Corporation\PhysX\Common;C:\Program Files\dotnet\;C:\Program Files\NVIDIA Corporation\NVIDIA NvDLISR;C:\Program Files (x86)\Intel\Intel(R) Management Engine Components\DAL;C:\Program Files\Intel\Intel(R) Management Engine Components\DAL;C:\Program Files (x86)\Intel\Intel(R) Management Engine Components\IPT;C:\Program Files\Intel\Intel(R) Management Engine Components\IPT;C:\Program Files\Intel\WiFi\bin\;C:\Program Files\Common Files\Intel\WirelessCommon\;C:\WINDOWS\system32;C:\WINDOWS;C:\WINDOWS\System32\Wbem;C:\WINDOWS\System32\WindowsPowerShell\v1.0\;C:\WINDOWS\System32\OpenSSH\;E:\Program Files\MATLAB\R2018b\bin;C:\Program Files\nodejs\;C:\Program Files\Git\cmd;C:\WINDOWS\system32\config\systemprofile\AppData\Local\Microsoft\WindowsApps;;C:\Program Files\Docker\Docker\resources\bin;C:\ProgramData\DockerDesktop\version-bin;C:\Program Files\Java\jdk-11.0.2\bin;C:\Program Files\Intel\WiFi\bin\;C:\Program Files\Common Files\Intel\WirelessCommon\;C:\Users\kwasi\AppData\Local\Microsoft\WindowsApps;C:\Java_Maven\Maven\apache-maven-3.6.0-bin\apache-maven-3.6.0\bin;C:\Program Files\JetBrains\IntelliJ IDEA 2018.3.5\bin;C:\Program Files\heroku\bin;C:\Users\kwasi\AppData\Local\Programs\Microsoft VS Code\bin;C:\Users\kwasi\AppData\Roaming\npm
USERNAME=Kwasek
OS=Windows_NT
PROCESSOR_IDENTIFIER=Intel64 Family 6 Model 158 Stepping 9, GenuineIntel



---------------  S Y S T E M  ---------------

OS: Windows 10 , 64 bit Build 18362 (10.0.18362.1110)
OS uptime: 0 days 15:36 hours
HyperV virtualization detected

CPU:total 4 (initial active 4) (4 cores per cpu, 1 threads per core) family 6 model 158 stepping 9, cmov, cx8, fxsr, mmx, sse, sse2, sse3, ssse3, sse4.1, sse4.2, popcnt, avx, avx2, aes, clmul, erms, 3dnowpref, lzcnt, tsc, tscinvbit, bmi1, bmi2, adx, fma

Memory: 4k page, system-wide physical 16269M (4689M free)
TotalPageFile size 19769M (AvailPageFile size 360M)
current process WorkingSet (physical memory assigned to process): 129M, peak: 129M
current process commit charge ("private bytes"): 372M, peak: 372M

vm_info: Java HotSpot(TM) 64-Bit Server VM (14.0.1+7) for windows-amd64 JRE (14.0.1+7), built on Mar  5 2020 10:30:14 by "mach5one" with MS VC++ 15.9 (VS2017)

END.
